<?xml version="1.0" encoding="UTF-8"?>
<!-- Generated by org.testng.reporters.JUnitReportReporter -->
<testsuite hostname="wrt" failures="0" tests="1" name="org.example.AppTest" time="0.950" errors="0" timestamp="2019-10-17T14:28:15 YEKT" skipped="0">
  <testcase classname="org.example.AppTest" name="shouldAnswerWithTrue" time="0.950"/>
</testsuite> <!-- org.example.AppTest -->
